[debug] [2023-05-13T02:19:29.393Z] ----------------------------------------------------------------------
[debug] [2023-05-13T02:19:29.395Z] Command:       /usr/local/bin/firebase /Users/collintrainer/.cache/firebase/tools/lib/node_modules/firebase-tools/lib/bin/firebase init
[debug] [2023-05-13T02:19:29.395Z] CLI Version:   12.0.0
[debug] [2023-05-13T02:19:29.395Z] Platform:      darwin
[debug] [2023-05-13T02:19:29.396Z] Node Version:  v16.16.0
[debug] [2023-05-13T02:19:29.397Z] Time:          Fri May 12 2023 22:19:29 GMT-0400 (Eastern Daylight Time)
[debug] [2023-05-13T02:19:29.397Z] ----------------------------------------------------------------------
[debug] 
[debug] [2023-05-13T02:19:29.407Z] > command requires scopes: ["email","openid","https://www.googleapis.com/auth/cloudplatformprojects.readonly","https://www.googleapis.com/auth/firebase","https://www.googleapis.com/auth/cloud-platform"]
[debug] [2023-05-13T02:19:29.408Z] > authorizing via signed-in user (admin@eggsntoast.com)
[info] 
     ######## #### ########  ######## ########     ###     ######  ########
     ##        ##  ##     ## ##       ##     ##  ##   ##  ##       ##
     ######    ##  ########  ######   ########  #########  ######  ######
     ##        ##  ##    ##  ##       ##     ## ##     ##       ## ##
     ##       #### ##     ## ######## ########  ##     ##  ######  ########

You're about to initialize a Firebase project in this directory:

  /Users/collintrainer/Palm2/my-app

[info] 
=== Project Setup
[info] 
[info] First, let's associate this project directory with a Firebase project.
[info] You can create multiple project aliases by running firebase use --add, 
[info] but for now we'll just set up a default project.
[info] 
[debug] [2023-05-13T02:19:53.324Z] >>> [apiv2][query] GET https://firebase.googleapis.com/v1beta1/projects pageSize=100
[debug] [2023-05-13T02:19:53.954Z] <<< [apiv2][status] GET https://firebase.googleapis.com/v1beta1/projects 200
[debug] [2023-05-13T02:19:53.956Z] <<< [apiv2][body] GET https://firebase.googleapis.com/v1beta1/projects [omitted]
[info] i  Using project terraform-project-11 (Terraform Project 11) 
[info] 
=== Firestore Setup
[debug] [2023-05-13T02:19:56.201Z] >>> [apiv2][query] GET https://serviceusage.googleapis.com/v1/projects/terraform-project-11/services/firestore.googleapis.com [none]
[debug] [2023-05-13T02:19:56.202Z] >>> [apiv2][(partial)header] GET https://serviceusage.googleapis.com/v1/projects/terraform-project-11/services/firestore.googleapis.com x-goog-quota-user=projects/terraform-project-11
[debug] [2023-05-13T02:19:56.615Z] <<< [apiv2][status] GET https://serviceusage.googleapis.com/v1/projects/terraform-project-11/services/firestore.googleapis.com 200
[debug] [2023-05-13T02:19:56.617Z] <<< [apiv2][body] GET https://serviceusage.googleapis.com/v1/projects/terraform-project-11/services/firestore.googleapis.com [omitted]
[debug] [2023-05-13T02:19:56.618Z] >>> [apiv2][query] GET https://firestore.googleapis.com/v1/projects/terraform-project-11/databases/(default) [none]
[debug] [2023-05-13T02:19:57.012Z] <<< [apiv2][status] GET https://firestore.googleapis.com/v1/projects/terraform-project-11/databases/(default) 200
[debug] [2023-05-13T02:19:57.012Z] <<< [apiv2][body] GET https://firestore.googleapis.com/v1/projects/terraform-project-11/databases/(default) {"name":"projects/terraform-project-11/databases/(default)","uid":"adfb052a-3310-40a5-9ca3-8d6185cf675f","createTime":"2023-05-13T01:45:39.444697Z","updateTime":"2023-05-13T01:45:39.444697Z","locationId":"nam5","type":"FIRESTORE_NATIVE","concurrencyMode":"PESSIMISTIC","appEngineIntegrationMode":"DISABLED","keyPrefix":"s","deleteProtectionState":"DELETE_PROTECTION_DISABLED","etag":"IKbr5tyd8f4CMIy60Y2Z8f4C"}
[debug] [2023-05-13T02:19:57.013Z] database_type: FIRESTORE_NATIVE
[debug] [2023-05-13T02:19:57.013Z] > command requires scopes: ["email","openid","https://www.googleapis.com/auth/cloudplatformprojects.readonly","https://www.googleapis.com/auth/firebase","https://www.googleapis.com/auth/cloud-platform"]
[debug] [2023-05-13T02:19:57.014Z] > authorizing via signed-in user (admin@eggsntoast.com)
[debug] [2023-05-13T02:19:57.014Z] [iam] checking project terraform-project-11 for permissions ["firebase.projects.get"]
[debug] [2023-05-13T02:19:57.015Z] >>> [apiv2][query] POST https://cloudresourcemanager.googleapis.com/v1/projects/terraform-project-11:testIamPermissions [none]
[debug] [2023-05-13T02:19:57.016Z] >>> [apiv2][(partial)header] POST https://cloudresourcemanager.googleapis.com/v1/projects/terraform-project-11:testIamPermissions x-goog-quota-user=projects/terraform-project-11
[debug] [2023-05-13T02:19:57.016Z] >>> [apiv2][body] POST https://cloudresourcemanager.googleapis.com/v1/projects/terraform-project-11:testIamPermissions {"permissions":["firebase.projects.get"]}
[debug] [2023-05-13T02:19:57.246Z] <<< [apiv2][status] POST https://cloudresourcemanager.googleapis.com/v1/projects/terraform-project-11:testIamPermissions 200
[debug] [2023-05-13T02:19:57.246Z] <<< [apiv2][body] POST https://cloudresourcemanager.googleapis.com/v1/projects/terraform-project-11:testIamPermissions {"permissions":["firebase.projects.get"]}
[info] 
[info] Firestore Security Rules allow you to define how and when to allow
[info] requests. You can keep these rules in your project directory
[info] and publish them with firebase deploy.
[info] 
[debug] [2023-05-13T02:20:07.846Z] >>> [apiv2][query] GET https://firebaserules.googleapis.com/v1/projects/terraform-project-11/releases pageSize=10&pageToken=
[debug] [2023-05-13T02:20:08.162Z] <<< [apiv2][status] GET https://firebaserules.googleapis.com/v1/projects/terraform-project-11/releases 200
[debug] [2023-05-13T02:20:08.163Z] <<< [apiv2][body] GET https://firebaserules.googleapis.com/v1/projects/terraform-project-11/releases {"releases":[{"name":"projects/terraform-project-11/releases/cloud.firestore","rulesetName":"projects/terraform-project-11/rulesets/b852099d-6b25-413b-9d8e-f67acba32ce8","createTime":"2023-05-13T01:45:41.561530Z","updateTime":"2023-05-13T01:45:41.561530Z"}]}
[debug] [2023-05-13T02:20:08.163Z] Found ruleset: projects/terraform-project-11/rulesets/b852099d-6b25-413b-9d8e-f67acba32ce8
[debug] [2023-05-13T02:20:08.164Z] >>> [apiv2][query] GET https://firebaserules.googleapis.com/v1/projects/terraform-project-11/rulesets/b852099d-6b25-413b-9d8e-f67acba32ce8 [none]
[debug] [2023-05-13T02:20:08.352Z] <<< [apiv2][status] GET https://firebaserules.googleapis.com/v1/projects/terraform-project-11/rulesets/b852099d-6b25-413b-9d8e-f67acba32ce8 200
[debug] [2023-05-13T02:20:08.352Z] <<< [apiv2][body] GET https://firebaserules.googleapis.com/v1/projects/terraform-project-11/rulesets/b852099d-6b25-413b-9d8e-f67acba32ce8 [omitted]
[info] 
[info] Firestore indexes allow you to perform complex queries while
[info] maintaining performance that scales with the size of the result
[info] set. You can keep index definitions in your project directory
[info] and publish them with firebase deploy.
[info] 
[debug] [2023-05-13T02:20:11.723Z] >>> [apiv2][query] GET https://firestore.googleapis.com/v1/projects/terraform-project-11/databases/(default)/collectionGroups/-/indexes [none]
[debug] [2023-05-13T02:20:11.729Z] >>> [apiv2][query] GET https://firestore.googleapis.com/v1/projects/terraform-project-11/databases/(default)/collectionGroups/-/fields?filter=indexConfig.usesAncestorConfig=false OR ttlConfig:* [none]
[debug] [2023-05-13T02:20:12.026Z] <<< [apiv2][status] GET https://firestore.googleapis.com/v1/projects/terraform-project-11/databases/(default)/collectionGroups/-/indexes 200
[debug] [2023-05-13T02:20:12.027Z] <<< [apiv2][body] GET https://firestore.googleapis.com/v1/projects/terraform-project-11/databases/(default)/collectionGroups/-/indexes {}
[debug] [2023-05-13T02:20:12.028Z] <<< [apiv2][status] GET https://firestore.googleapis.com/v1/projects/terraform-project-11/databases/(default)/collectionGroups/-/fields?filter=indexConfig.usesAncestorConfig=false OR ttlConfig:* 200
[debug] [2023-05-13T02:20:12.028Z] <<< [apiv2][body] GET https://firestore.googleapis.com/v1/projects/terraform-project-11/databases/(default)/collectionGroups/-/fields?filter=indexConfig.usesAncestorConfig=false OR ttlConfig:* {"fields":[{"name":"projects/terraform-project-11/databases/(default)/collectionGroups/__default__/fields/*","indexConfig":{"indexes":[{"queryScope":"COLLECTION","fields":[{"fieldPath":"*","order":"ASCENDING"}],"state":"READY"},{"queryScope":"COLLECTION","fields":[{"fieldPath":"*","order":"DESCENDING"}],"state":"READY"},{"queryScope":"COLLECTION","fields":[{"fieldPath":"*","arrayConfig":"CONTAINS"}],"state":"READY"}]}}]}
[info] 
=== Functions Setup
[debug] [2023-05-13T02:20:12.030Z] > command requires scopes: ["email","openid","https://www.googleapis.com/auth/cloudplatformprojects.readonly","https://www.googleapis.com/auth/firebase","https://www.googleapis.com/auth/cloud-platform"]
[debug] [2023-05-13T02:20:12.031Z] > authorizing via signed-in user (admin@eggsntoast.com)
[debug] [2023-05-13T02:20:12.031Z] [iam] checking project terraform-project-11 for permissions ["firebase.projects.get"]
[debug] [2023-05-13T02:20:12.032Z] >>> [apiv2][query] POST https://cloudresourcemanager.googleapis.com/v1/projects/terraform-project-11:testIamPermissions [none]
[debug] [2023-05-13T02:20:12.033Z] >>> [apiv2][(partial)header] POST https://cloudresourcemanager.googleapis.com/v1/projects/terraform-project-11:testIamPermissions x-goog-quota-user=projects/terraform-project-11
[debug] [2023-05-13T02:20:12.033Z] >>> [apiv2][body] POST https://cloudresourcemanager.googleapis.com/v1/projects/terraform-project-11:testIamPermissions {"permissions":["firebase.projects.get"]}
[debug] [2023-05-13T02:20:12.248Z] <<< [apiv2][status] POST https://cloudresourcemanager.googleapis.com/v1/projects/terraform-project-11:testIamPermissions 200
[debug] [2023-05-13T02:20:12.249Z] <<< [apiv2][body] POST https://cloudresourcemanager.googleapis.com/v1/projects/terraform-project-11:testIamPermissions {"permissions":["firebase.projects.get"]}
[debug] [2023-05-13T02:20:12.251Z] >>> [apiv2][query] GET https://serviceusage.googleapis.com/v1/projects/terraform-project-11/services/cloudfunctions.googleapis.com [none]
[debug] [2023-05-13T02:20:12.251Z] >>> [apiv2][(partial)header] GET https://serviceusage.googleapis.com/v1/projects/terraform-project-11/services/cloudfunctions.googleapis.com x-goog-quota-user=projects/terraform-project-11
[debug] [2023-05-13T02:20:12.255Z] >>> [apiv2][query] GET https://serviceusage.googleapis.com/v1/projects/terraform-project-11/services/runtimeconfig.googleapis.com [none]
[debug] [2023-05-13T02:20:12.256Z] >>> [apiv2][(partial)header] GET https://serviceusage.googleapis.com/v1/projects/terraform-project-11/services/runtimeconfig.googleapis.com x-goog-quota-user=projects/terraform-project-11
[debug] [2023-05-13T02:20:12.690Z] <<< [apiv2][status] GET https://serviceusage.googleapis.com/v1/projects/terraform-project-11/services/runtimeconfig.googleapis.com 200
[debug] [2023-05-13T02:20:12.691Z] <<< [apiv2][body] GET https://serviceusage.googleapis.com/v1/projects/terraform-project-11/services/runtimeconfig.googleapis.com [omitted]
[debug] [2023-05-13T02:20:12.694Z] <<< [apiv2][status] GET https://serviceusage.googleapis.com/v1/projects/terraform-project-11/services/cloudfunctions.googleapis.com 200
[debug] [2023-05-13T02:20:12.694Z] <<< [apiv2][body] GET https://serviceusage.googleapis.com/v1/projects/terraform-project-11/services/cloudfunctions.googleapis.com [omitted]
[info] 
Detected existing codebase(s): default

[info] Let's create a new codebase for your functions.
[info] A directory corresponding to the codebase will be created in your project
[info] with sample code pre-configured.

[info] See https://firebase.google.com/docs/functions/organize-functions for
[info] more information on organizing your functions using codebases.

[info] Functions can be deployed with firebase deploy.

[error] Invalid codebase name. Codebase must be less than 64 characters and can contain only lowercase letters, numeric characters, underscores, and dashes.
[info] ✔  Wrote yeehaw/package.json 
[info] ✔  Wrote yeehaw/.eslintrc.js 
[info] ✔  Wrote yeehaw/tsconfig.json 
[info] ✔  Wrote yeehaw/tsconfig.dev.json 
[info] ✔  Wrote yeehaw/src/index.ts 
[info] ✔  Wrote yeehaw/.gitignore 
[info] 
=== Hosting Setup
[info] 
[info] Your public directory is the folder (relative to your project directory) that
[info] will contain Hosting assets to be uploaded with firebase deploy. If you
[info] have a build process for your assets, use your build's output directory.
[info] 
[debug] [2023-05-13T02:21:10.540Z] >>> [apiv2][query] GET https://www.gstatic.com/firebasejs/releases.json [none]
[debug] [2023-05-13T02:21:10.792Z] <<< [apiv2][status] GET https://www.gstatic.com/firebasejs/releases.json 200
[debug] [2023-05-13T02:21:10.793Z] <<< [apiv2][body] GET https://www.gstatic.com/firebasejs/releases.json {"current":{"version":"9.22.0","browserURL":"https://www.gstatic.com/firebasejs/9.22.0/firebase.js","packageURL":"https://www.gstatic.com/firebasejs/9.22.0/firebase.tgz"},"live":{"version":"9.22","browserURL":"https://www.gstatic.com/firebasejs/live/9.22/firebase.js","packageURL":"https://www.gstatic.com/firebasejs/live/9.22/firebase.tgz"},"components":{"analytics":"https://www.gstatic.com/firebasejs/9.22.0/firebase-analytics.js","app":"https://www.gstatic.com/firebasejs/9.22.0/firebase-app.js","app-check":"https://www.gstatic.com/firebasejs/9.22.0/firebase-app-check.js","auth":"https://www.gstatic.com/firebasejs/9.22.0/firebase-auth.js","auth/cordova":"https://www.gstatic.com/firebasejs/9.22.0/firebase-auth/cordova.js","auth/react-native":"https://www.gstatic.com/firebasejs/9.22.0/firebase-auth/react-native.js","functions":"https://www.gstatic.com/firebasejs/9.22.0/firebase-functions.js","firestore":"https://www.gstatic.com/firebasejs/9.22.0/firebase-firestore.js","firestore/lite":"https://www.gstatic.com/firebasejs/9.22.0/firebase-firestore/lite.js","installations":"https://www.gstatic.com/firebasejs/9.22.0/firebase-installations.js","storage":"https://www.gstatic.com/firebasejs/9.22.0/firebase-storage.js","performance":"https://www.gstatic.com/firebasejs/9.22.0/firebase-performance.js","remote-config":"https://www.gstatic.com/firebasejs/9.22.0/firebase-remote-config.js","messaging":"https://www.gstatic.com/firebasejs/9.22.0/firebase-messaging.js","messaging/sw":"https://www.gstatic.com/firebasejs/9.22.0/firebase-messaging/sw.js","database":"https://www.gstatic.com/firebasejs/9.22.0/firebase-database.js","firestore.memory":"https://www.gstatic.com/firebasejs/9.22.0/firebase-firestore.memory.js"}}
[info] ✔  Wrote public/index.html 
[info] 
[info] i  Didn't detect a .git folder. Assuming /Users/collintrainer/Palm2/my-app is the project root. 
[info] i  Authorizing with GitHub to upload your service account to a GitHub repository's secrets store. 
[info] 
[info] Visit this URL on this device to log in:
[info] https://github.com/login/oauth/authorize?client_id=89cf50f02ac6aaed3484&state=1004508973&redirect_uri=http%3A%2F%2Flocalhost%3A9005&scope=read%3Auser%20repo%20public_repo
[info] 
[info] Waiting for authentication...
[debug] [2023-05-13T02:21:13.060Z] >>> [apiv2][query] POST https://github.com/login/oauth/access_token [none]
[debug] [2023-05-13T02:21:13.061Z] >>> [apiv2][body] POST https://github.com/login/oauth/access_token [stream]
[debug] [2023-05-13T02:21:13.246Z] <<< [apiv2][status] POST https://github.com/login/oauth/access_token 200
[debug] [2023-05-13T02:21:13.246Z] <<< [apiv2][body] POST https://github.com/login/oauth/access_token {"access_token":"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","token_type":"bearer","scope":"read:user,repo"}
[debug] [2023-05-13T02:21:13.265Z] >>> [apiv2][query] GET https://api.github.com/user [none]
[debug] [2023-05-13T02:21:13.477Z] <<< [apiv2][status] GET https://api.github.com/user 200
[debug] [2023-05-13T02:21:13.477Z] <<< [apiv2][body] GET https://api.github.com/user {"login":"EggsNToasta","id":123135686,"node_id":"U_kgDOB1bmxg","avatar_url":"https://avatars.githubusercontent.com/u/123135686?v=4","gravatar_id":"","url":"https://api.github.com/users/EggsNToasta","html_url":"https://github.com/EggsNToasta","followers_url":"https://api.github.com/users/EggsNToasta/followers","following_url":"https://api.github.com/users/EggsNToasta/following{/other_user}","gists_url":"https://api.github.com/users/EggsNToasta/gists{/gist_id}","starred_url":"https://api.github.com/users/EggsNToasta/starred{/owner}{/repo}","subscriptions_url":"https://api.github.com/users/EggsNToasta/subscriptions","organizations_url":"https://api.github.com/users/EggsNToasta/orgs","repos_url":"https://api.github.com/users/EggsNToasta/repos","events_url":"https://api.github.com/users/EggsNToasta/events{/privacy}","received_events_url":"https://api.github.com/users/EggsNToasta/received_events","type":"User","site_admin":false,"name":null,"company":null,"blog":"","location":null,"email":null,"hireable":null,"bio":null,"twitter_username":null,"public_repos":3,"public_gists":0,"followers":0,"following":0,"created_at":"2023-01-20T02:04:58Z","updated_at":"2023-03-29T01:56:54Z","private_gists":0,"total_private_repos":17,"owned_private_repos":17,"disk_usage":19041,"collaborators":0,"two_factor_authentication":false,"plan":{"name":"free","space":976562499,"collaborators":0,"private_repos":10000}}
[info] 
[info] ✔  Success! Logged into GitHub as EggsNToasta 
[info] 
[debug] [2023-05-13T02:21:20.129Z] >>> [apiv2][query] GET https://api.github.com/repos//actions/secrets/public-key type=owner
[debug] [2023-05-13T02:21:20.421Z] <<< [apiv2][status] GET https://api.github.com/repos//actions/secrets/public-key 404
[debug] [2023-05-13T02:21:20.421Z] <<< [apiv2][body] GET https://api.github.com/repos//actions/secrets/public-key {"message":"Not Found","documentation_url":"https://docs.github.com/rest"}
[info] 
[info] 
[error] ⚠  The provided authorization cannot be used with this repository. If this repository is in an organization, did you remember to grant access? 
[info] 
[info] i  Action required: Visit this URL to ensure access has been granted to the appropriate organization(s) for the Firebase CLI GitHub OAuth App: 
[info] https://github.com/settings/connections/applications/89cf50f02ac6aaed3484
[info] 
[debug] [2023-05-13T02:21:33.973Z] >>> [apiv2][query] GET https://api.github.com/repos/yeehaw/actions/secrets/public-key type=owner
[debug] [2023-05-13T02:21:34.145Z] <<< [apiv2][status] GET https://api.github.com/repos/yeehaw/actions/secrets/public-key 404
[debug] [2023-05-13T02:21:34.146Z] <<< [apiv2][body] GET https://api.github.com/repos/yeehaw/actions/secrets/public-key {"message":"Not Found","documentation_url":"https://docs.github.com/rest"}
[info] 
[info] 
[error] ⚠  The provided authorization cannot be used with this repository. If this repository is in an organization, did you remember to grant access? 
[info] 
[info] i  Action required: Visit this URL to ensure access has been granted to the appropriate organization(s) for the Firebase CLI GitHub OAuth App: 
[info] https://github.com/settings/connections/applications/89cf50f02ac6aaed3484
[info] 
[debug] [2023-05-13T02:21:35.318Z] >>> [apiv2][query] GET https://api.github.com/repos/yeehaw/actions/secrets/public-key type=owner
[debug] [2023-05-13T02:21:35.450Z] <<< [apiv2][status] GET https://api.github.com/repos/yeehaw/actions/secrets/public-key 404
[debug] [2023-05-13T02:21:35.450Z] <<< [apiv2][body] GET https://api.github.com/repos/yeehaw/actions/secrets/public-key {"message":"Not Found","documentation_url":"https://docs.github.com/rest"}
[info] 
[info] 
[error] ⚠  The provided authorization cannot be used with this repository. If this repository is in an organization, did you remember to grant access? 
[info] 
[info] i  Action required: Visit this URL to ensure access has been granted to the appropriate organization(s) for the Firebase CLI GitHub OAuth App: 
[info] https://github.com/settings/connections/applications/89cf50f02ac6aaed3484
[info] 
[debug] [2023-05-13T02:21:50.306Z] >>> [apiv2][query] GET https://api.github.com/repos/EggsNToasta/yeehaw/actions/secrets/public-key type=owner
[debug] [2023-05-13T02:21:50.583Z] <<< [apiv2][status] GET https://api.github.com/repos/EggsNToasta/yeehaw/actions/secrets/public-key 404
[debug] [2023-05-13T02:21:50.583Z] <<< [apiv2][body] GET https://api.github.com/repos/EggsNToasta/yeehaw/actions/secrets/public-key {"message":"Not Found","documentation_url":"https://docs.github.com/rest/reference/actions#get-a-repository-public-key"}
[info] 
[info] 
[error] ⚠  The provided authorization cannot be used with this repository. If this repository is in an organization, did you remember to grant access? 
[info] 
[info] i  Action required: Visit this URL to ensure access has been granted to the appropriate organization(s) for the Firebase CLI GitHub OAuth App: 
[info] https://github.com/settings/connections/applications/89cf50f02ac6aaed3484
[info] 
[debug] [2023-05-13T02:21:50.954Z] >>> [apiv2][query] GET https://api.github.com/repos/EggsNToasta/yeehaw/actions/secrets/public-key type=owner
[debug] [2023-05-13T02:21:51.232Z] <<< [apiv2][status] GET https://api.github.com/repos/EggsNToasta/yeehaw/actions/secrets/public-key 404
[debug] [2023-05-13T02:21:51.232Z] <<< [apiv2][body] GET https://api.github.com/repos/EggsNToasta/yeehaw/actions/secrets/public-key {"message":"Not Found","documentation_url":"https://docs.github.com/rest/reference/actions#get-a-repository-public-key"}
[info] 
[info] 
[error] ⚠  The provided authorization cannot be used with this repository. If this repository is in an organization, did you remember to grant access? 
[info] 
[info] i  Action required: Visit this URL to ensure access has been granted to the appropriate organization(s) for the Firebase CLI GitHub OAuth App: 
[info] https://github.com/settings/connections/applications/89cf50f02ac6aaed3484
[info] 
[debug] [2023-05-13T02:21:51.443Z] >>> [apiv2][query] GET https://api.github.com/repos/EggsNToasta/yeehaw/actions/secrets/public-key type=owner
[debug] [2023-05-13T02:21:51.597Z] <<< [apiv2][status] GET https://api.github.com/repos/EggsNToasta/yeehaw/actions/secrets/public-key 404
[debug] [2023-05-13T02:21:51.597Z] <<< [apiv2][body] GET https://api.github.com/repos/EggsNToasta/yeehaw/actions/secrets/public-key {"message":"Not Found","documentation_url":"https://docs.github.com/rest/reference/actions#get-a-repository-public-key"}
[info] 
[info] 
[error] ⚠  The provided authorization cannot be used with this repository. If this repository is in an organization, did you remember to grant access? 
[info] 
[info] i  Action required: Visit this URL to ensure access has been granted to the appropriate organization(s) for the Firebase CLI GitHub OAuth App: 
[info] https://github.com/settings/connections/applications/89cf50f02ac6aaed3484
[info] 
[debug] [2023-05-13T02:21:57.440Z] >>> [apiv2][query] GET https://api.github.com/repos/EggsNToasta/Palm2/actions/secrets/public-key type=owner
[debug] [2023-05-13T02:21:57.569Z] <<< [apiv2][status] GET https://api.github.com/repos/EggsNToasta/Palm2/actions/secrets/public-key 404
[debug] [2023-05-13T02:21:57.569Z] <<< [apiv2][body] GET https://api.github.com/repos/EggsNToasta/Palm2/actions/secrets/public-key {"message":"Not Found","documentation_url":"https://docs.github.com/rest/reference/actions#get-a-repository-public-key"}
[info] 
[info] 
[error] ⚠  The provided authorization cannot be used with this repository. If this repository is in an organization, did you remember to grant access? 
[info] 
[info] i  Action required: Visit this URL to ensure access has been granted to the appropriate organization(s) for the Firebase CLI GitHub OAuth App: 
[info] https://github.com/settings/connections/applications/89cf50f02ac6aaed3484
[info] 
